2020-06-25 12:16:07,964 CRIT Supervisor is running as root.  Privileges were not dropped because no user is specified in the config file.  If you intend to run as root, you can set user=root in the config file to avoid this message.
2020-06-25 12:16:07,964 INFO Included extra file "/etc/supervisor/conf.d/laravel-worker.conf" during parsing
2020-06-25 12:16:07,977 INFO supervisord started with pid 1
2020-06-25 12:16:08,980 INFO spawned: 'laravel-worker_00' with pid 8
2020-06-25 12:16:08,988 INFO spawned: 'laravel-worker_01' with pid 9
2020-06-25 12:16:09,000 INFO spawned: 'laravel-worker_02' with pid 10
2020-06-25 12:16:09,004 INFO spawned: 'laravel-worker_03' with pid 11
2020-06-25 12:16:09,020 INFO spawned: 'php-fpm' with pid 12
2020-06-25 12:16:09,029 INFO spawned: 'misc' with pid 13
2020-06-25 12:16:09,240 INFO exited: misc (exit status 0; not expected)
2020-06-25 12:16:10,386 INFO success: laravel-worker_00 entered RUNNING state, process has stayed up for > than 1 seconds (startsecs)
2020-06-25 12:16:10,387 INFO success: laravel-worker_01 entered RUNNING state, process has stayed up for > than 1 seconds (startsecs)
2020-06-25 12:16:10,387 INFO success: laravel-worker_02 entered RUNNING state, process has stayed up for > than 1 seconds (startsecs)
2020-06-25 12:16:10,387 INFO success: laravel-worker_03 entered RUNNING state, process has stayed up for > than 1 seconds (startsecs)
2020-06-25 12:16:10,387 INFO success: php-fpm entered RUNNING state, process has stayed up for > than 1 seconds (startsecs)
2020-06-25 12:16:10,389 INFO spawned: 'misc' with pid 57
2020-06-25 12:16:10,414 INFO reaped unknown pid 30
2020-06-25 12:16:10,425 INFO exited: misc (exit status 0; not expected)
2020-06-25 12:16:12,430 INFO spawned: 'misc' with pid 76
2020-06-25 12:16:12,452 INFO reaped unknown pid 75
2020-06-25 12:16:12,488 INFO exited: misc (exit status 0; not expected)
2020-06-25 12:16:15,496 INFO spawned: 'misc' with pid 95
2020-06-25 12:16:15,532 INFO reaped unknown pid 94
2020-06-25 12:16:15,543 INFO exited: misc (exit status 0; not expected)
2020-06-25 12:16:15,544 INFO gave up: misc entered FATAL state, too many start retries too quickly
2020-06-25 12:17:01,675 INFO reaped unknown pid 122
2020-06-25 12:18:22,181 CRIT Supervisor is running as root.  Privileges were not dropped because no user is specified in the config file.  If you intend to run as root, you can set user=root in the config file to avoid this message.
2020-06-25 12:18:22,181 INFO Included extra file "/etc/supervisor/conf.d/laravel-worker.conf" during parsing
2020-06-25 12:18:22,184 INFO supervisord started with pid 1
2020-06-25 12:18:23,187 INFO spawned: 'laravel-worker_00' with pid 8
2020-06-25 12:18:23,190 INFO spawned: 'laravel-worker_01' with pid 9
2020-06-25 12:18:23,192 INFO spawned: 'laravel-worker_02' with pid 10
2020-06-25 12:18:23,195 INFO spawned: 'laravel-worker_03' with pid 11
2020-06-25 12:18:23,197 INFO spawned: 'php-fpm' with pid 12
2020-06-25 12:18:23,214 INFO spawned: 'misc' with pid 13
2020-06-25 12:18:23,451 INFO exited: misc (exit status 0; not expected)
2020-06-25 12:18:24,472 INFO success: laravel-worker_00 entered RUNNING state, process has stayed up for > than 1 seconds (startsecs)
2020-06-25 12:18:24,472 INFO success: laravel-worker_01 entered RUNNING state, process has stayed up for > than 1 seconds (startsecs)
2020-06-25 12:18:24,472 INFO success: laravel-worker_02 entered RUNNING state, process has stayed up for > than 1 seconds (startsecs)
2020-06-25 12:18:24,473 INFO success: laravel-worker_03 entered RUNNING state, process has stayed up for > than 1 seconds (startsecs)
2020-06-25 12:18:24,473 INFO success: php-fpm entered RUNNING state, process has stayed up for > than 1 seconds (startsecs)
2020-06-25 12:18:24,474 INFO spawned: 'misc' with pid 58
2020-06-25 12:18:24,492 INFO reaped unknown pid 31
2020-06-25 12:18:24,504 INFO exited: misc (exit status 0; not expected)
2020-06-25 12:18:26,510 INFO spawned: 'misc' with pid 77
2020-06-25 12:18:26,529 INFO reaped unknown pid 76
2020-06-25 12:18:26,558 INFO exited: misc (exit status 0; not expected)
2020-06-25 12:18:29,565 INFO spawned: 'misc' with pid 96
2020-06-25 12:18:29,584 INFO reaped unknown pid 95
2020-06-25 12:18:29,614 INFO exited: misc (exit status 0; not expected)
2020-06-25 12:18:29,615 INFO gave up: misc entered FATAL state, too many start retries too quickly
2020-06-25 12:29:49,087 CRIT Supervisor is running as root.  Privileges were not dropped because no user is specified in the config file.  If you intend to run as root, you can set user=root in the config file to avoid this message.
2020-06-25 12:29:49,088 INFO Included extra file "/etc/supervisor/conf.d/laravel-worker.conf" during parsing
2020-06-25 12:29:49,091 INFO supervisord started with pid 1
2020-06-25 12:29:50,098 INFO spawned: 'laravel-worker_00' with pid 9
2020-06-25 12:29:50,102 INFO spawned: 'laravel-worker_01' with pid 10
2020-06-25 12:29:50,109 INFO spawned: 'laravel-worker_02' with pid 11
2020-06-25 12:29:50,123 INFO spawned: 'laravel-worker_03' with pid 12
2020-06-25 12:29:50,153 INFO spawned: 'php-fpm' with pid 13
2020-06-25 12:29:50,163 INFO spawned: 'misc' with pid 14
2020-06-25 12:29:50,389 INFO exited: misc (exit status 0; not expected)
2020-06-25 12:29:51,501 INFO success: laravel-worker_00 entered RUNNING state, process has stayed up for > than 1 seconds (startsecs)
2020-06-25 12:29:51,501 INFO success: laravel-worker_01 entered RUNNING state, process has stayed up for > than 1 seconds (startsecs)
2020-06-25 12:29:51,501 INFO success: laravel-worker_02 entered RUNNING state, process has stayed up for > than 1 seconds (startsecs)
2020-06-25 12:29:51,501 INFO success: laravel-worker_03 entered RUNNING state, process has stayed up for > than 1 seconds (startsecs)
2020-06-25 12:29:51,501 INFO success: php-fpm entered RUNNING state, process has stayed up for > than 1 seconds (startsecs)
2020-06-25 12:29:51,503 INFO spawned: 'misc' with pid 58
2020-06-25 12:29:51,530 INFO reaped unknown pid 31
2020-06-25 12:29:51,554 INFO exited: misc (exit status 0; not expected)
2020-06-25 12:29:53,558 INFO spawned: 'misc' with pid 77
2020-06-25 12:29:53,582 INFO reaped unknown pid 76
2020-06-25 12:29:53,614 INFO exited: misc (exit status 0; not expected)
2020-06-25 12:29:56,621 INFO spawned: 'misc' with pid 96
2020-06-25 12:29:56,642 INFO reaped unknown pid 95
2020-06-25 12:29:56,672 INFO exited: misc (exit status 0; not expected)
2020-06-25 12:29:56,673 INFO gave up: misc entered FATAL state, too many start retries too quickly
2020-06-25 12:30:01,761 INFO reaped unknown pid 120
2020-06-25 12:41:25,028 WARN received SIGQUIT indicating exit request
2020-06-25 12:41:25,036 INFO waiting for php-fpm, laravel-worker_00, laravel-worker_01, laravel-worker_02, laravel-worker_03 to die
2020-06-25 12:41:26,094 INFO stopped: php-fpm (exit status 0)
2020-06-25 12:41:26,123 INFO stopped: laravel-worker_00 (exit status 0)
2020-06-25 12:41:26,137 INFO stopped: laravel-worker_01 (exit status 0)
2020-06-25 12:41:26,144 INFO stopped: laravel-worker_02 (exit status 0)
2020-06-25 12:41:26,144 INFO stopped: laravel-worker_03 (exit status 0)
2020-06-25 12:46:11,866 CRIT Supervisor is running as root.  Privileges were not dropped because no user is specified in the config file.  If you intend to run as root, you can set user=root in the config file to avoid this message.
2020-06-25 12:46:11,866 INFO Included extra file "/etc/supervisor/conf.d/laravel-worker.conf" during parsing
2020-06-25 12:46:11,873 INFO supervisord started with pid 1
2020-06-25 12:46:12,877 INFO spawned: 'laravel-worker_00' with pid 8
2020-06-25 12:46:12,879 INFO spawned: 'laravel-worker_01' with pid 9
2020-06-25 12:46:12,886 INFO spawned: 'laravel-worker_02' with pid 10
2020-06-25 12:46:12,930 INFO spawned: 'laravel-worker_03' with pid 11
2020-06-25 12:46:12,962 INFO spawned: 'php-fpm' with pid 12
2020-06-25 12:46:12,985 INFO spawned: 'misc' with pid 13
2020-06-25 12:46:13,194 INFO exited: misc (exit status 0; not expected)
2020-06-25 12:46:14,294 INFO success: laravel-worker_00 entered RUNNING state, process has stayed up for > than 1 seconds (startsecs)
2020-06-25 12:46:14,295 INFO success: laravel-worker_01 entered RUNNING state, process has stayed up for > than 1 seconds (startsecs)
2020-06-25 12:46:14,295 INFO success: laravel-worker_02 entered RUNNING state, process has stayed up for > than 1 seconds (startsecs)
2020-06-25 12:46:14,296 INFO success: laravel-worker_03 entered RUNNING state, process has stayed up for > than 1 seconds (startsecs)
2020-06-25 12:46:14,296 INFO success: php-fpm entered RUNNING state, process has stayed up for > than 1 seconds (startsecs)
2020-06-25 12:46:14,298 INFO spawned: 'misc' with pid 57
2020-06-25 12:46:14,322 INFO reaped unknown pid 30
2020-06-25 12:46:14,333 INFO exited: misc (exit status 0; not expected)
2020-06-25 12:46:16,339 INFO spawned: 'misc' with pid 76
2020-06-25 12:46:16,404 INFO reaped unknown pid 75
2020-06-25 12:46:16,438 INFO exited: misc (exit status 0; not expected)
2020-06-25 12:46:19,445 INFO spawned: 'misc' with pid 95
2020-06-25 12:46:19,498 INFO reaped unknown pid 94
2020-06-25 12:46:19,529 INFO exited: misc (exit status 0; not expected)
2020-06-25 12:46:19,530 INFO gave up: misc entered FATAL state, too many start retries too quickly
2020-06-25 12:47:01,678 INFO reaped unknown pid 119
2020-06-25 12:48:24,197 CRIT Supervisor is running as root.  Privileges were not dropped because no user is specified in the config file.  If you intend to run as root, you can set user=root in the config file to avoid this message.
2020-06-25 12:48:24,197 INFO Included extra file "/etc/supervisor/conf.d/laravel-worker.conf" during parsing
2020-06-25 12:48:24,204 INFO supervisord started with pid 1
2020-06-25 12:48:25,208 INFO spawned: 'laravel-worker_00' with pid 9
2020-06-25 12:48:25,211 INFO spawned: 'laravel-worker_01' with pid 10
2020-06-25 12:48:25,214 INFO spawned: 'laravel-worker_02' with pid 11
2020-06-25 12:48:25,225 INFO spawned: 'laravel-worker_03' with pid 12
2020-06-25 12:48:25,228 INFO spawned: 'php-fpm' with pid 13
2020-06-25 12:48:25,237 INFO spawned: 'misc' with pid 14
2020-06-25 12:48:25,455 INFO exited: misc (exit status 0; not expected)
2020-06-25 12:48:26,500 INFO success: laravel-worker_00 entered RUNNING state, process has stayed up for > than 1 seconds (startsecs)
2020-06-25 12:48:26,501 INFO success: laravel-worker_01 entered RUNNING state, process has stayed up for > than 1 seconds (startsecs)
2020-06-25 12:48:26,501 INFO success: laravel-worker_02 entered RUNNING state, process has stayed up for > than 1 seconds (startsecs)
2020-06-25 12:48:26,501 INFO success: laravel-worker_03 entered RUNNING state, process has stayed up for > than 1 seconds (startsecs)
2020-06-25 12:48:26,501 INFO success: php-fpm entered RUNNING state, process has stayed up for > than 1 seconds (startsecs)
2020-06-25 12:48:26,503 INFO spawned: 'misc' with pid 58
2020-06-25 12:48:26,524 INFO reaped unknown pid 31
2020-06-25 12:48:26,537 INFO exited: misc (exit status 0; not expected)
2020-06-25 12:48:28,542 INFO spawned: 'misc' with pid 77
2020-06-25 12:48:28,562 INFO reaped unknown pid 76
2020-06-25 12:48:28,590 INFO exited: misc (exit status 0; not expected)
2020-06-25 12:48:31,598 INFO spawned: 'misc' with pid 96
2020-06-25 12:48:31,619 INFO reaped unknown pid 95
2020-06-25 12:48:31,630 INFO exited: misc (exit status 0; not expected)
2020-06-25 12:48:32,632 INFO gave up: misc entered FATAL state, too many start retries too quickly
2020-06-25 12:49:01,708 INFO reaped unknown pid 127
2020-06-25 12:50:45,066 WARN received SIGQUIT indicating exit request
2020-06-25 12:50:45,067 INFO waiting for php-fpm, laravel-worker_00, laravel-worker_01, laravel-worker_02, laravel-worker_03 to die
2020-06-25 12:50:46,083 INFO stopped: php-fpm (exit status 0)
2020-06-25 12:50:46,111 INFO stopped: laravel-worker_00 (exit status 0)
2020-06-25 12:50:46,116 INFO stopped: laravel-worker_02 (exit status 0)
2020-06-25 12:50:46,120 INFO stopped: laravel-worker_01 (exit status 0)
2020-06-25 12:50:46,120 INFO stopped: laravel-worker_03 (exit status 0)
2020-06-25 12:50:48,075 CRIT Supervisor is running as root.  Privileges were not dropped because no user is specified in the config file.  If you intend to run as root, you can set user=root in the config file to avoid this message.
2020-06-25 12:50:48,075 INFO Included extra file "/etc/supervisor/conf.d/laravel-worker.conf" during parsing
2020-06-25 12:50:48,079 INFO supervisord started with pid 1
2020-06-25 12:50:49,082 INFO spawned: 'laravel-worker_00' with pid 8
2020-06-25 12:50:49,085 INFO spawned: 'laravel-worker_01' with pid 9
2020-06-25 12:50:49,087 INFO spawned: 'laravel-worker_02' with pid 10
2020-06-25 12:50:49,091 INFO spawned: 'laravel-worker_03' with pid 11
2020-06-25 12:50:49,094 INFO spawned: 'php-fpm' with pid 12
2020-06-25 12:50:49,112 INFO spawned: 'misc' with pid 13
2020-06-25 12:50:49,305 INFO exited: misc (exit status 0; not expected)
2020-06-25 12:50:50,551 INFO success: laravel-worker_00 entered RUNNING state, process has stayed up for > than 1 seconds (startsecs)
2020-06-25 12:50:50,552 INFO success: laravel-worker_01 entered RUNNING state, process has stayed up for > than 1 seconds (startsecs)
2020-06-25 12:50:50,553 INFO success: laravel-worker_02 entered RUNNING state, process has stayed up for > than 1 seconds (startsecs)
2020-06-25 12:50:50,553 INFO success: laravel-worker_03 entered RUNNING state, process has stayed up for > than 1 seconds (startsecs)
2020-06-25 12:50:50,553 INFO success: php-fpm entered RUNNING state, process has stayed up for > than 1 seconds (startsecs)
2020-06-25 12:50:50,555 INFO spawned: 'misc' with pid 57
2020-06-25 12:50:50,594 INFO reaped unknown pid 30
2020-06-25 12:50:50,627 INFO exited: misc (exit status 0; not expected)
2020-06-25 12:50:52,634 INFO spawned: 'misc' with pid 76
2020-06-25 12:50:52,655 INFO reaped unknown pid 75
2020-06-25 12:50:52,685 INFO exited: misc (exit status 0; not expected)
2020-06-25 12:50:55,691 INFO spawned: 'misc' with pid 102
2020-06-25 12:50:55,711 INFO reaped unknown pid 94
2020-06-25 12:50:55,749 INFO exited: misc (exit status 0; not expected)
2020-06-25 12:50:56,751 INFO gave up: misc entered FATAL state, too many start retries too quickly
2020-06-25 12:51:01,804 INFO reaped unknown pid 127
2020-06-25 13:15:21,378 WARN received SIGQUIT indicating exit request
2020-06-25 13:15:21,381 INFO waiting for php-fpm, laravel-worker_00, laravel-worker_01, laravel-worker_02, laravel-worker_03 to die
2020-06-25 13:15:22,402 INFO stopped: php-fpm (exit status 0)
2020-06-25 13:15:22,429 INFO stopped: laravel-worker_02 (exit status 0)
2020-06-25 13:15:22,434 INFO stopped: laravel-worker_01 (exit status 0)
2020-06-25 13:15:22,436 INFO stopped: laravel-worker_00 (exit status 0)
2020-06-25 13:15:22,436 INFO stopped: laravel-worker_03 (exit status 0)
2020-06-25 13:15:24,538 CRIT Supervisor is running as root.  Privileges were not dropped because no user is specified in the config file.  If you intend to run as root, you can set user=root in the config file to avoid this message.
2020-06-25 13:15:24,538 INFO Included extra file "/etc/supervisor/conf.d/laravel-worker.conf" during parsing
2020-06-25 13:15:24,546 INFO supervisord started with pid 1
2020-06-25 13:15:25,549 INFO spawned: 'laravel-worker_00' with pid 8
2020-06-25 13:15:25,552 INFO spawned: 'laravel-worker_01' with pid 9
2020-06-25 13:15:25,559 INFO spawned: 'laravel-worker_02' with pid 10
2020-06-25 13:15:25,566 INFO spawned: 'laravel-worker_03' with pid 11
2020-06-25 13:15:25,569 INFO spawned: 'php-fpm' with pid 12
2020-06-25 13:15:25,588 INFO spawned: 'misc' with pid 13
2020-06-25 13:15:25,874 INFO exited: misc (exit status 0; not expected)
2020-06-25 13:15:26,977 INFO success: laravel-worker_00 entered RUNNING state, process has stayed up for > than 1 seconds (startsecs)
2020-06-25 13:15:26,978 INFO success: laravel-worker_01 entered RUNNING state, process has stayed up for > than 1 seconds (startsecs)
2020-06-25 13:15:26,978 INFO success: laravel-worker_02 entered RUNNING state, process has stayed up for > than 1 seconds (startsecs)
2020-06-25 13:15:26,978 INFO success: laravel-worker_03 entered RUNNING state, process has stayed up for > than 1 seconds (startsecs)
2020-06-25 13:15:26,979 INFO success: php-fpm entered RUNNING state, process has stayed up for > than 1 seconds (startsecs)
2020-06-25 13:15:26,981 INFO spawned: 'misc' with pid 57
2020-06-25 13:15:27,001 INFO reaped unknown pid 30
2020-06-25 13:15:27,031 INFO exited: misc (exit status 0; not expected)
2020-06-25 13:15:29,037 INFO spawned: 'misc' with pid 76
2020-06-25 13:15:29,059 INFO reaped unknown pid 75
2020-06-25 13:15:29,091 INFO exited: misc (exit status 0; not expected)
2020-06-25 13:15:32,098 INFO spawned: 'misc' with pid 95
2020-06-25 13:15:32,121 INFO reaped unknown pid 94
2020-06-25 13:15:32,143 INFO exited: misc (exit status 0; not expected)
2020-06-25 13:15:33,144 INFO gave up: misc entered FATAL state, too many start retries too quickly
2020-06-25 13:16:01,285 INFO reaped unknown pid 128
2020-06-25 13:17:07,062 WARN received SIGQUIT indicating exit request
2020-06-25 13:17:07,063 INFO waiting for php-fpm, laravel-worker_00, laravel-worker_01, laravel-worker_02, laravel-worker_03 to die
2020-06-25 13:17:08,078 INFO stopped: php-fpm (exit status 0)
2020-06-25 13:17:08,107 INFO stopped: laravel-worker_03 (exit status 0)
2020-06-25 13:17:08,108 INFO stopped: laravel-worker_00 (exit status 0)
2020-06-25 13:17:08,109 INFO stopped: laravel-worker_02 (exit status 0)
2020-06-25 13:17:08,111 INFO stopped: laravel-worker_01 (exit status 0)
2020-06-25 13:17:09,869 CRIT Supervisor is running as root.  Privileges were not dropped because no user is specified in the config file.  If you intend to run as root, you can set user=root in the config file to avoid this message.
2020-06-25 13:17:09,869 INFO Included extra file "/etc/supervisor/conf.d/laravel-worker.conf" during parsing
2020-06-25 13:17:09,871 INFO supervisord started with pid 1
2020-06-25 13:17:10,877 INFO spawned: 'laravel-worker_00' with pid 10
2020-06-25 13:17:10,880 INFO spawned: 'laravel-worker_01' with pid 11
2020-06-25 13:17:10,886 INFO spawned: 'laravel-worker_02' with pid 12
2020-06-25 13:17:10,911 INFO spawned: 'laravel-worker_03' with pid 13
2020-06-25 13:17:10,920 INFO spawned: 'php-fpm' with pid 14
2020-06-25 13:17:10,940 INFO spawned: 'misc' with pid 15
2020-06-25 13:17:11,241 INFO exited: misc (exit status 0; not expected)
2020-06-25 13:17:12,463 INFO success: laravel-worker_00 entered RUNNING state, process has stayed up for > than 1 seconds (startsecs)
2020-06-25 13:17:12,463 INFO success: laravel-worker_01 entered RUNNING state, process has stayed up for > than 1 seconds (startsecs)
2020-06-25 13:17:12,463 INFO success: laravel-worker_02 entered RUNNING state, process has stayed up for > than 1 seconds (startsecs)
2020-06-25 13:17:12,463 INFO success: laravel-worker_03 entered RUNNING state, process has stayed up for > than 1 seconds (startsecs)
2020-06-25 13:17:12,463 INFO success: php-fpm entered RUNNING state, process has stayed up for > than 1 seconds (startsecs)
2020-06-25 13:17:12,465 INFO spawned: 'misc' with pid 59
2020-06-25 13:17:12,484 INFO reaped unknown pid 32
2020-06-25 13:17:12,495 INFO exited: misc (exit status 0; not expected)
2020-06-25 13:17:14,500 INFO spawned: 'misc' with pid 78
2020-06-25 13:17:14,520 INFO reaped unknown pid 77
2020-06-25 13:17:14,550 INFO exited: misc (exit status 0; not expected)
2020-06-25 13:17:17,557 INFO spawned: 'misc' with pid 103
2020-06-25 13:17:17,576 INFO reaped unknown pid 96
2020-06-25 13:17:17,607 INFO exited: misc (exit status 0; not expected)
2020-06-25 13:17:18,608 INFO gave up: misc entered FATAL state, too many start retries too quickly
2020-06-25 13:18:01,673 INFO reaped unknown pid 130
2020-06-25 13:41:54,039 WARN received SIGQUIT indicating exit request
2020-06-25 13:41:54,040 INFO waiting for php-fpm, laravel-worker_00, laravel-worker_01, laravel-worker_02, laravel-worker_03 to die
2020-06-25 13:41:55,068 INFO stopped: php-fpm (exit status 0)
2020-06-25 13:41:55,101 INFO stopped: laravel-worker_00 (exit status 0)
2020-06-25 13:41:55,103 INFO stopped: laravel-worker_02 (exit status 0)
2020-06-25 13:41:55,108 INFO stopped: laravel-worker_01 (exit status 0)
2020-06-25 13:41:55,110 INFO stopped: laravel-worker_03 (exit status 0)
2020-06-25 13:41:57,111 CRIT Supervisor is running as root.  Privileges were not dropped because no user is specified in the config file.  If you intend to run as root, you can set user=root in the config file to avoid this message.
2020-06-25 13:41:57,111 INFO Included extra file "/etc/supervisor/conf.d/laravel-worker.conf" during parsing
2020-06-25 13:41:57,122 INFO supervisord started with pid 1
2020-06-25 13:41:58,130 INFO spawned: 'laravel-worker_00' with pid 10
2020-06-25 13:41:58,143 INFO spawned: 'laravel-worker_01' with pid 11
2020-06-25 13:41:58,150 INFO spawned: 'laravel-worker_02' with pid 12
2020-06-25 13:41:58,153 INFO spawned: 'laravel-worker_03' with pid 13
2020-06-25 13:41:58,176 INFO spawned: 'php-fpm' with pid 14
2020-06-25 13:41:58,188 INFO spawned: 'misc' with pid 15
2020-06-25 13:41:58,419 INFO exited: misc (exit status 0; not expected)
2020-06-25 13:41:59,572 INFO success: laravel-worker_00 entered RUNNING state, process has stayed up for > than 1 seconds (startsecs)
2020-06-25 13:41:59,573 INFO success: laravel-worker_01 entered RUNNING state, process has stayed up for > than 1 seconds (startsecs)
2020-06-25 13:41:59,573 INFO success: laravel-worker_02 entered RUNNING state, process has stayed up for > than 1 seconds (startsecs)
2020-06-25 13:41:59,574 INFO success: laravel-worker_03 entered RUNNING state, process has stayed up for > than 1 seconds (startsecs)
2020-06-25 13:41:59,574 INFO success: php-fpm entered RUNNING state, process has stayed up for > than 1 seconds (startsecs)
2020-06-25 13:41:59,576 INFO spawned: 'misc' with pid 59
2020-06-25 13:41:59,600 INFO reaped unknown pid 32
2020-06-25 13:41:59,656 INFO exited: misc (exit status 0; not expected)
2020-06-25 13:42:01,661 INFO spawned: 'misc' with pid 79
2020-06-25 13:42:01,688 INFO reaped unknown pid 77
2020-06-25 13:42:01,741 INFO exited: misc (exit status 0; not expected)
2020-06-25 13:42:01,817 INFO reaped unknown pid 78
2020-06-25 13:42:01,855 INFO reaped unknown pid 102
2020-06-25 13:42:04,862 INFO spawned: 'misc' with pid 104
2020-06-25 13:42:04,886 INFO reaped unknown pid 101
2020-06-25 13:42:04,899 INFO exited: misc (exit status 0; not expected)
2020-06-25 13:42:04,899 INFO gave up: misc entered FATAL state, too many start retries too quickly
2020-06-30 15:13:52,989 INFO exited: laravel-worker_02 (exit status 0; expected)
2020-06-30 15:13:53,137 INFO spawned: 'laravel-worker_02' with pid 66756
2020-06-30 15:13:53,138 INFO exited: laravel-worker_00 (exit status 0; expected)
2020-06-30 15:13:53,151 INFO spawned: 'laravel-worker_00' with pid 66757
2020-06-30 15:13:53,622 INFO exited: laravel-worker_01 (exit status 0; expected)
2020-06-30 15:13:53,656 INFO spawned: 'laravel-worker_01' with pid 66770
2020-06-30 15:13:54,031 INFO exited: laravel-worker_03 (exit status 0; expected)
2020-06-30 15:13:55,033 INFO success: laravel-worker_00 entered RUNNING state, process has stayed up for > than 1 seconds (startsecs)
2020-06-30 15:13:55,033 INFO success: laravel-worker_01 entered RUNNING state, process has stayed up for > than 1 seconds (startsecs)
2020-06-30 15:13:55,033 INFO success: laravel-worker_02 entered RUNNING state, process has stayed up for > than 1 seconds (startsecs)
2020-06-30 15:13:55,035 INFO spawned: 'laravel-worker_03' with pid 66777
2020-06-30 15:13:56,037 INFO success: laravel-worker_03 entered RUNNING state, process has stayed up for > than 1 seconds (startsecs)
2020-06-30 15:15:17,486 INFO exited: laravel-worker_00 (exit status 0; expected)
2020-06-30 15:15:17,961 INFO spawned: 'laravel-worker_00' with pid 66815
2020-06-30 15:15:17,976 INFO exited: laravel-worker_01 (exit status 0; expected)
2020-06-30 15:15:18,925 INFO spawned: 'laravel-worker_01' with pid 66822
2020-06-30 15:15:18,949 INFO success: laravel-worker_00 entered RUNNING state, process has stayed up for > than 1 seconds (startsecs)
2020-06-30 15:15:18,950 INFO exited: laravel-worker_02 (exit status 0; expected)
2020-06-30 15:15:19,315 INFO spawned: 'laravel-worker_02' with pid 66829
2020-06-30 15:15:19,337 INFO exited: laravel-worker_03 (exit status 0; expected)
2020-06-30 15:15:20,339 INFO success: laravel-worker_01 entered RUNNING state, process has stayed up for > than 1 seconds (startsecs)
2020-06-30 15:15:20,350 INFO success: laravel-worker_02 entered RUNNING state, process has stayed up for > than 1 seconds (startsecs)
2020-06-30 15:15:20,352 INFO spawned: 'laravel-worker_03' with pid 66836
2020-06-30 15:15:21,355 INFO success: laravel-worker_03 entered RUNNING state, process has stayed up for > than 1 seconds (startsecs)
2020-06-30 15:17:12,156 INFO exited: laravel-worker_01 (exit status 0; expected)
2020-06-30 15:17:12,298 INFO spawned: 'laravel-worker_01' with pid 66876
2020-06-30 15:17:12,311 INFO exited: laravel-worker_00 (exit status 0; expected)
2020-06-30 15:17:13,315 INFO spawned: 'laravel-worker_00' with pid 66883
2020-06-30 15:17:13,315 INFO success: laravel-worker_01 entered RUNNING state, process has stayed up for > than 1 seconds (startsecs)
2020-06-30 15:17:13,620 INFO exited: laravel-worker_02 (exit status 0; expected)
2020-06-30 15:17:14,622 INFO success: laravel-worker_00 entered RUNNING state, process has stayed up for > than 1 seconds (startsecs)
2020-06-30 15:17:14,625 INFO spawned: 'laravel-worker_02' with pid 66890
2020-06-30 15:17:14,641 INFO exited: laravel-worker_03 (exit status 0; expected)
2020-06-30 15:17:15,643 INFO success: laravel-worker_02 entered RUNNING state, process has stayed up for > than 1 seconds (startsecs)
2020-06-30 15:17:15,646 INFO spawned: 'laravel-worker_03' with pid 66897
2020-06-30 15:17:16,648 INFO success: laravel-worker_03 entered RUNNING state, process has stayed up for > than 1 seconds (startsecs)
2020-07-11 15:40:59,691 CRIT Supervisor is running as root.  Privileges were not dropped because no user is specified in the config file.  If you intend to run as root, you can set user=root in the config file to avoid this message.
2020-07-11 15:40:59,692 INFO Included extra file "/etc/supervisor/conf.d/laravel-worker.conf" during parsing
2020-07-11 15:40:59,697 INFO supervisord started with pid 1
2020-07-11 15:41:00,702 INFO spawned: 'laravel-worker_00' with pid 8
2020-07-11 15:41:00,705 INFO spawned: 'laravel-worker_01' with pid 9
2020-07-11 15:41:00,715 INFO spawned: 'laravel-worker_02' with pid 10
2020-07-11 15:41:00,719 INFO spawned: 'laravel-worker_03' with pid 11
2020-07-11 15:41:00,724 INFO spawned: 'php-fpm' with pid 12
2020-07-11 15:41:00,755 INFO spawned: 'misc' with pid 13
2020-07-11 15:41:00,913 INFO exited: misc (exit status 0; not expected)
2020-07-11 15:41:02,389 INFO success: laravel-worker_00 entered RUNNING state, process has stayed up for > than 1 seconds (startsecs)
2020-07-11 15:41:02,389 INFO success: laravel-worker_01 entered RUNNING state, process has stayed up for > than 1 seconds (startsecs)
2020-07-11 15:41:02,390 INFO success: laravel-worker_02 entered RUNNING state, process has stayed up for > than 1 seconds (startsecs)
2020-07-11 15:41:02,391 INFO success: laravel-worker_03 entered RUNNING state, process has stayed up for > than 1 seconds (startsecs)
2020-07-11 15:41:02,391 INFO success: php-fpm entered RUNNING state, process has stayed up for > than 1 seconds (startsecs)
2020-07-11 15:41:02,396 INFO spawned: 'misc' with pid 34
2020-07-11 15:41:02,591 INFO reaped unknown pid 31
2020-07-11 15:41:02,622 INFO exited: misc (exit status 0; not expected)
2020-07-11 15:41:04,627 INFO spawned: 'misc' with pid 77
2020-07-11 15:41:04,651 INFO reaped unknown pid 76
2020-07-11 15:41:04,682 INFO exited: misc (exit status 0; not expected)
2020-07-11 15:41:07,687 INFO spawned: 'misc' with pid 96
2020-07-11 15:41:07,707 INFO reaped unknown pid 95
2020-07-11 15:41:07,737 INFO exited: misc (exit status 0; not expected)
2020-07-11 15:41:07,738 INFO gave up: misc entered FATAL state, too many start retries too quickly
2020-07-11 15:49:06,517 CRIT Supervisor is running as root.  Privileges were not dropped because no user is specified in the config file.  If you intend to run as root, you can set user=root in the config file to avoid this message.
2020-07-11 15:49:06,518 INFO Included extra file "/etc/supervisor/conf.d/laravel-worker.conf" during parsing
2020-07-11 15:49:06,523 INFO supervisord started with pid 1
2020-07-11 15:49:07,526 INFO spawned: 'laravel-worker_00' with pid 8
2020-07-11 15:49:07,528 INFO spawned: 'laravel-worker_01' with pid 9
2020-07-11 15:49:07,530 INFO spawned: 'laravel-worker_02' with pid 10
2020-07-11 15:49:07,533 INFO spawned: 'laravel-worker_03' with pid 11
2020-07-11 15:49:07,541 INFO spawned: 'php-fpm' with pid 12
2020-07-11 15:49:07,543 INFO spawned: 'misc' with pid 13
2020-07-11 15:49:07,776 INFO exited: misc (exit status 0; not expected)
2020-07-11 15:49:08,819 INFO success: laravel-worker_00 entered RUNNING state, process has stayed up for > than 1 seconds (startsecs)
2020-07-11 15:49:08,820 INFO success: laravel-worker_01 entered RUNNING state, process has stayed up for > than 1 seconds (startsecs)
2020-07-11 15:49:08,820 INFO success: laravel-worker_02 entered RUNNING state, process has stayed up for > than 1 seconds (startsecs)
2020-07-11 15:49:08,820 INFO success: laravel-worker_03 entered RUNNING state, process has stayed up for > than 1 seconds (startsecs)
2020-07-11 15:49:08,820 INFO success: php-fpm entered RUNNING state, process has stayed up for > than 1 seconds (startsecs)
2020-07-11 15:49:08,822 INFO spawned: 'misc' with pid 58
2020-07-11 15:49:08,842 INFO reaped unknown pid 31
2020-07-11 15:49:08,874 INFO exited: misc (exit status 0; not expected)
2020-07-11 15:49:10,879 INFO spawned: 'misc' with pid 77
2020-07-11 15:49:10,900 INFO reaped unknown pid 76
2020-07-11 15:49:10,930 INFO exited: misc (exit status 0; not expected)
2020-07-11 15:49:13,935 INFO spawned: 'misc' with pid 96
2020-07-11 15:49:13,959 INFO reaped unknown pid 95
2020-07-11 15:49:13,990 INFO exited: misc (exit status 0; not expected)
2020-07-11 15:49:14,992 INFO gave up: misc entered FATAL state, too many start retries too quickly
2020-07-11 15:52:23,002 CRIT Supervisor is running as root.  Privileges were not dropped because no user is specified in the config file.  If you intend to run as root, you can set user=root in the config file to avoid this message.
2020-07-11 15:52:23,003 INFO Included extra file "/etc/supervisor/conf.d/laravel-worker.conf" during parsing
2020-07-11 15:52:23,009 INFO supervisord started with pid 1
2020-07-11 15:52:24,012 INFO spawned: 'laravel-worker_00' with pid 8
2020-07-11 15:52:24,015 INFO spawned: 'laravel-worker_01' with pid 9
2020-07-11 15:52:24,019 INFO spawned: 'laravel-worker_02' with pid 10
2020-07-11 15:52:24,022 INFO spawned: 'laravel-worker_03' with pid 11
2020-07-11 15:52:24,030 INFO spawned: 'php-fpm' with pid 12
2020-07-11 15:52:24,035 INFO spawned: 'misc' with pid 13
2020-07-11 15:52:24,217 INFO exited: misc (exit status 0; not expected)
2020-07-11 15:52:25,300 INFO success: laravel-worker_00 entered RUNNING state, process has stayed up for > than 1 seconds (startsecs)
2020-07-11 15:52:25,300 INFO success: laravel-worker_01 entered RUNNING state, process has stayed up for > than 1 seconds (startsecs)
2020-07-11 15:52:25,300 INFO success: laravel-worker_02 entered RUNNING state, process has stayed up for > than 1 seconds (startsecs)
2020-07-11 15:52:25,300 INFO success: laravel-worker_03 entered RUNNING state, process has stayed up for > than 1 seconds (startsecs)
2020-07-11 15:52:25,300 INFO success: php-fpm entered RUNNING state, process has stayed up for > than 1 seconds (startsecs)
2020-07-11 15:52:25,302 INFO spawned: 'misc' with pid 58
2020-07-11 15:52:25,321 INFO reaped unknown pid 31
2020-07-11 15:52:25,350 INFO exited: misc (exit status 0; not expected)
2020-07-11 15:52:27,356 INFO spawned: 'misc' with pid 77
2020-07-11 15:52:27,377 INFO reaped unknown pid 76
2020-07-11 15:52:27,411 INFO exited: misc (exit status 0; not expected)
2020-07-11 15:52:30,419 INFO spawned: 'misc' with pid 96
2020-07-11 15:52:30,443 INFO reaped unknown pid 95
2020-07-11 15:52:30,475 INFO exited: misc (exit status 0; not expected)
2020-07-11 15:52:30,475 INFO gave up: misc entered FATAL state, too many start retries too quickly
2020-07-11 15:54:11,537 CRIT Supervisor is running as root.  Privileges were not dropped because no user is specified in the config file.  If you intend to run as root, you can set user=root in the config file to avoid this message.
2020-07-11 15:54:11,538 INFO Included extra file "/etc/supervisor/conf.d/laravel-worker.conf" during parsing
2020-07-11 15:54:11,544 INFO supervisord started with pid 1
2020-07-11 15:54:12,548 INFO spawned: 'laravel-worker_00' with pid 8
2020-07-11 15:54:12,551 INFO spawned: 'laravel-worker_01' with pid 9
2020-07-11 15:54:12,553 INFO spawned: 'laravel-worker_02' with pid 10
2020-07-11 15:54:12,556 INFO spawned: 'laravel-worker_03' with pid 11
2020-07-11 15:54:12,566 INFO spawned: 'php-fpm' with pid 12
2020-07-11 15:54:12,569 INFO spawned: 'misc' with pid 13
2020-07-11 15:54:12,763 INFO exited: misc (exit status 0; not expected)
2020-07-11 15:54:13,769 INFO success: laravel-worker_00 entered RUNNING state, process has stayed up for > than 1 seconds (startsecs)
2020-07-11 15:54:13,769 INFO success: laravel-worker_01 entered RUNNING state, process has stayed up for > than 1 seconds (startsecs)
2020-07-11 15:54:13,769 INFO success: laravel-worker_02 entered RUNNING state, process has stayed up for > than 1 seconds (startsecs)
2020-07-11 15:54:13,770 INFO success: laravel-worker_03 entered RUNNING state, process has stayed up for > than 1 seconds (startsecs)
2020-07-11 15:54:13,770 INFO success: php-fpm entered RUNNING state, process has stayed up for > than 1 seconds (startsecs)
2020-07-11 15:54:13,772 INFO spawned: 'misc' with pid 58
2020-07-11 15:54:13,792 INFO reaped unknown pid 31
2020-07-11 15:54:13,822 INFO exited: misc (exit status 0; not expected)
2020-07-11 15:54:15,827 INFO spawned: 'misc' with pid 77
2020-07-11 15:54:15,848 INFO reaped unknown pid 76
2020-07-11 15:54:15,878 INFO exited: misc (exit status 0; not expected)
2020-07-11 15:54:18,885 INFO spawned: 'misc' with pid 96
2020-07-11 15:54:18,905 INFO reaped unknown pid 95
2020-07-11 15:54:18,935 INFO exited: misc (exit status 0; not expected)
2020-07-11 15:54:18,935 INFO gave up: misc entered FATAL state, too many start retries too quickly
2020-07-15 08:30:31,387 INFO exited: laravel-worker_02 (exit status 0; expected)
2020-07-15 08:30:31,522 INFO spawned: 'laravel-worker_02' with pid 48762
2020-07-15 08:30:31,685 INFO exited: laravel-worker_03 (exit status 0; expected)
2020-07-15 08:30:32,687 INFO success: laravel-worker_02 entered RUNNING state, process has stayed up for > than 1 seconds (startsecs)
2020-07-15 08:30:32,689 INFO spawned: 'laravel-worker_03' with pid 48769
2020-07-15 08:30:33,617 INFO exited: laravel-worker_00 (exit status 0; expected)
2020-07-15 08:30:33,968 INFO spawned: 'laravel-worker_00' with pid 48776
2020-07-15 08:30:33,968 INFO success: laravel-worker_03 entered RUNNING state, process has stayed up for > than 1 seconds (startsecs)
2020-07-15 08:30:34,254 INFO exited: laravel-worker_01 (exit status 0; expected)
2020-07-15 08:30:35,256 INFO success: laravel-worker_00 entered RUNNING state, process has stayed up for > than 1 seconds (startsecs)
2020-07-15 08:30:35,259 INFO spawned: 'laravel-worker_01' with pid 48783
2020-07-15 08:30:36,262 INFO success: laravel-worker_01 entered RUNNING state, process has stayed up for > than 1 seconds (startsecs)
2020-07-31 08:30:49,379 INFO exited: laravel-worker_01 (exit status 0; expected)
2020-07-31 08:30:49,597 INFO spawned: 'laravel-worker_01' with pid 259887
2020-07-31 08:30:49,608 INFO exited: laravel-worker_03 (exit status 0; expected)
2020-07-31 08:30:49,919 INFO spawned: 'laravel-worker_03' with pid 259894
2020-07-31 08:30:49,920 INFO exited: laravel-worker_00 (exit status 0; expected)
2020-07-31 08:30:50,273 INFO spawned: 'laravel-worker_00' with pid 259901
2020-07-31 08:30:50,711 INFO success: laravel-worker_01 entered RUNNING state, process has stayed up for > than 1 seconds (startsecs)
2020-07-31 08:30:50,711 INFO exited: laravel-worker_02 (exit status 0; expected)
2020-07-31 08:30:51,713 INFO success: laravel-worker_00 entered RUNNING state, process has stayed up for > than 1 seconds (startsecs)
2020-07-31 08:30:51,715 INFO spawned: 'laravel-worker_02' with pid 259908
2020-07-31 08:30:51,716 INFO success: laravel-worker_03 entered RUNNING state, process has stayed up for > than 1 seconds (startsecs)
2020-07-31 08:30:52,718 INFO success: laravel-worker_02 entered RUNNING state, process has stayed up for > than 1 seconds (startsecs)
2020-07-31 08:40:43,442 INFO exited: laravel-worker_02 (exit status 0; expected)
2020-07-31 08:40:44,167 INFO spawned: 'laravel-worker_02' with pid 260012
2020-07-31 08:40:44,184 INFO exited: laravel-worker_01 (exit status 0; expected)
2020-07-31 08:40:44,450 INFO spawned: 'laravel-worker_01' with pid 260019
2020-07-31 08:40:44,461 INFO exited: laravel-worker_03 (exit status 0; expected)
2020-07-31 08:40:44,825 INFO spawned: 'laravel-worker_03' with pid 260026
2020-07-31 08:40:44,834 INFO exited: laravel-worker_00 (exit status 0; expected)
2020-07-31 08:40:45,838 INFO spawned: 'laravel-worker_00' with pid 260033
2020-07-31 08:40:45,839 INFO success: laravel-worker_01 entered RUNNING state, process has stayed up for > than 1 seconds (startsecs)
2020-07-31 08:40:45,840 INFO success: laravel-worker_02 entered RUNNING state, process has stayed up for > than 1 seconds (startsecs)
2020-07-31 08:40:45,840 INFO success: laravel-worker_03 entered RUNNING state, process has stayed up for > than 1 seconds (startsecs)
2020-07-31 08:40:46,842 INFO success: laravel-worker_00 entered RUNNING state, process has stayed up for > than 1 seconds (startsecs)
2020-08-05 15:08:29,435 INFO exited: laravel-worker_02 (exit status 0; expected)
2020-08-05 15:08:29,510 INFO spawned: 'laravel-worker_02' with pid 329439
2020-08-05 15:08:29,511 INFO exited: laravel-worker_03 (exit status 0; expected)
2020-08-05 15:08:30,287 INFO spawned: 'laravel-worker_03' with pid 329446
2020-08-05 15:08:30,686 INFO success: laravel-worker_02 entered RUNNING state, process has stayed up for > than 1 seconds (startsecs)
2020-08-05 15:08:30,686 INFO exited: laravel-worker_00 (exit status 0; expected)
2020-08-05 15:08:30,738 INFO spawned: 'laravel-worker_00' with pid 329453
2020-08-05 15:08:30,739 INFO exited: laravel-worker_01 (exit status 0; expected)
2020-08-05 15:08:31,740 INFO success: laravel-worker_00 entered RUNNING state, process has stayed up for > than 1 seconds (startsecs)
2020-08-05 15:08:31,742 INFO spawned: 'laravel-worker_01' with pid 329460
2020-08-05 15:08:31,743 INFO success: laravel-worker_03 entered RUNNING state, process has stayed up for > than 1 seconds (startsecs)
2020-08-05 15:08:32,745 INFO success: laravel-worker_01 entered RUNNING state, process has stayed up for > than 1 seconds (startsecs)
2020-08-05 15:11:23,452 INFO exited: laravel-worker_01 (exit status 0; expected)
2020-08-05 15:11:23,840 INFO spawned: 'laravel-worker_01' with pid 329501
2020-08-05 15:11:23,851 INFO exited: laravel-worker_02 (exit status 0; expected)
2020-08-05 15:11:24,620 INFO spawned: 'laravel-worker_02' with pid 329508
2020-08-05 15:11:24,630 INFO exited: laravel-worker_03 (exit status 0; expected)
2020-08-05 15:11:25,024 INFO success: laravel-worker_01 entered RUNNING state, process has stayed up for > than 1 seconds (startsecs)
2020-08-05 15:11:25,026 INFO spawned: 'laravel-worker_03' with pid 329515
2020-08-05 15:11:25,036 INFO exited: laravel-worker_00 (exit status 0; expected)
2020-08-05 15:11:26,040 INFO spawned: 'laravel-worker_00' with pid 329522
2020-08-05 15:11:26,040 INFO success: laravel-worker_02 entered RUNNING state, process has stayed up for > than 1 seconds (startsecs)
2020-08-05 15:11:26,041 INFO success: laravel-worker_03 entered RUNNING state, process has stayed up for > than 1 seconds (startsecs)
2020-08-05 15:11:27,043 INFO success: laravel-worker_00 entered RUNNING state, process has stayed up for > than 1 seconds (startsecs)
2020-08-05 15:12:17,252 INFO exited: laravel-worker_00 (exit status 0; expected)
2020-08-05 15:12:18,094 INFO spawned: 'laravel-worker_00' with pid 329542
2020-08-05 15:12:18,104 INFO exited: laravel-worker_01 (exit status 0; expected)
2020-08-05 15:12:18,838 INFO spawned: 'laravel-worker_01' with pid 329549
2020-08-05 15:12:18,851 INFO exited: laravel-worker_02 (exit status 0; expected)
2020-08-05 15:12:19,247 INFO success: laravel-worker_00 entered RUNNING state, process has stayed up for > than 1 seconds (startsecs)
2020-08-05 15:12:19,249 INFO spawned: 'laravel-worker_02' with pid 329556
2020-08-05 15:12:19,259 INFO exited: laravel-worker_03 (exit status 0; expected)
2020-08-05 15:12:20,260 INFO success: laravel-worker_01 entered RUNNING state, process has stayed up for > than 1 seconds (startsecs)
2020-08-05 15:12:20,260 INFO success: laravel-worker_02 entered RUNNING state, process has stayed up for > than 1 seconds (startsecs)
2020-08-05 15:12:20,262 INFO spawned: 'laravel-worker_03' with pid 329563
2020-08-05 15:12:21,264 INFO success: laravel-worker_03 entered RUNNING state, process has stayed up for > than 1 seconds (startsecs)
2020-08-06 14:15:11,059 INFO exited: laravel-worker_01 (exit status 0; expected)
2020-08-06 14:15:11,145 INFO spawned: 'laravel-worker_01' with pid 342271
2020-08-06 14:15:11,146 INFO exited: laravel-worker_00 (exit status 0; expected)
2020-08-06 14:15:11,506 INFO spawned: 'laravel-worker_00' with pid 342278
2020-08-06 14:15:11,878 INFO exited: laravel-worker_02 (exit status 0; expected)
2020-08-06 14:15:12,179 INFO success: laravel-worker_01 entered RUNNING state, process has stayed up for > than 1 seconds (startsecs)
2020-08-06 14:15:12,181 INFO spawned: 'laravel-worker_02' with pid 342285
2020-08-06 14:15:12,183 INFO exited: laravel-worker_03 (exit status 0; expected)
2020-08-06 14:15:13,184 INFO success: laravel-worker_00 entered RUNNING state, process has stayed up for > than 1 seconds (startsecs)
2020-08-06 14:15:13,185 INFO success: laravel-worker_02 entered RUNNING state, process has stayed up for > than 1 seconds (startsecs)
2020-08-06 14:15:13,187 INFO spawned: 'laravel-worker_03' with pid 342292
2020-08-06 14:15:14,190 INFO success: laravel-worker_03 entered RUNNING state, process has stayed up for > than 1 seconds (startsecs)
2020-08-06 14:18:27,026 INFO exited: laravel-worker_00 (exit status 0; expected)
2020-08-06 14:18:28,059 INFO spawned: 'laravel-worker_00' with pid 342344
2020-08-06 14:18:28,464 INFO exited: laravel-worker_03 (exit status 0; expected)
2020-08-06 14:18:28,766 INFO spawned: 'laravel-worker_03' with pid 342351
2020-08-06 14:18:28,781 INFO exited: laravel-worker_02 (exit status 0; expected)
2020-08-06 14:18:29,579 INFO success: laravel-worker_00 entered RUNNING state, process has stayed up for > than 1 seconds (startsecs)
2020-08-06 14:18:29,581 INFO spawned: 'laravel-worker_02' with pid 342358
2020-08-06 14:18:29,593 INFO exited: laravel-worker_01 (exit status 0; expected)
2020-08-06 14:18:30,596 INFO spawned: 'laravel-worker_01' with pid 342365
2020-08-06 14:18:30,597 INFO success: laravel-worker_02 entered RUNNING state, process has stayed up for > than 1 seconds (startsecs)
2020-08-06 14:18:30,597 INFO success: laravel-worker_03 entered RUNNING state, process has stayed up for > than 1 seconds (startsecs)
2020-08-06 14:18:31,599 INFO success: laravel-worker_01 entered RUNNING state, process has stayed up for > than 1 seconds (startsecs)
2020-08-06 14:20:05,098 INFO exited: laravel-worker_03 (exit status 0; expected)
2020-08-06 14:20:05,864 INFO spawned: 'laravel-worker_03' with pid 342399
2020-08-06 14:20:05,876 INFO exited: laravel-worker_02 (exit status 0; expected)
2020-08-06 14:20:06,880 INFO spawned: 'laravel-worker_02' with pid 342406
2020-08-06 14:20:06,881 INFO success: laravel-worker_03 entered RUNNING state, process has stayed up for > than 1 seconds (startsecs)
2020-08-06 14:20:07,456 INFO exited: laravel-worker_00 (exit status 0; expected)
2020-08-06 14:20:07,463 INFO spawned: 'laravel-worker_00' with pid 342413
2020-08-06 14:20:07,464 INFO exited: laravel-worker_01 (exit status 0; expected)
2020-08-06 14:20:08,466 INFO success: laravel-worker_00 entered RUNNING state, process has stayed up for > than 1 seconds (startsecs)
2020-08-06 14:20:08,469 INFO spawned: 'laravel-worker_01' with pid 342420
2020-08-06 14:20:08,469 INFO success: laravel-worker_02 entered RUNNING state, process has stayed up for > than 1 seconds (startsecs)
2020-08-06 14:20:09,472 INFO success: laravel-worker_01 entered RUNNING state, process has stayed up for > than 1 seconds (startsecs)
2020-08-06 14:20:16,110 INFO exited: laravel-worker_02 (exit status 0; expected)
2020-08-06 14:20:16,683 INFO spawned: 'laravel-worker_02' with pid 342432
2020-08-06 14:20:16,694 INFO exited: laravel-worker_00 (exit status 0; expected)
2020-08-06 14:20:17,692 INFO spawned: 'laravel-worker_00' with pid 342439
2020-08-06 14:20:17,693 INFO success: laravel-worker_02 entered RUNNING state, process has stayed up for > than 1 seconds (startsecs)
2020-08-06 14:20:17,706 INFO exited: laravel-worker_01 (exit status 0; expected)
2020-08-06 14:20:18,121 INFO spawned: 'laravel-worker_01' with pid 342446
2020-08-06 14:20:18,131 INFO exited: laravel-worker_03 (exit status 0; expected)
2020-08-06 14:20:19,133 INFO success: laravel-worker_00 entered RUNNING state, process has stayed up for > than 1 seconds (startsecs)
2020-08-06 14:20:19,133 INFO success: laravel-worker_01 entered RUNNING state, process has stayed up for > than 1 seconds (startsecs)
2020-08-06 14:20:19,134 INFO spawned: 'laravel-worker_03' with pid 342453
2020-08-06 14:20:20,136 INFO success: laravel-worker_03 entered RUNNING state, process has stayed up for > than 1 seconds (startsecs)
2020-08-06 14:20:57,363 INFO exited: laravel-worker_01 (exit status 0; expected)
2020-08-06 14:20:58,367 INFO spawned: 'laravel-worker_01' with pid 342468
2020-08-06 14:20:58,385 INFO exited: laravel-worker_03 (exit status 0; expected)
2020-08-06 14:20:58,521 INFO spawned: 'laravel-worker_03' with pid 342469
2020-08-06 14:20:58,540 INFO exited: laravel-worker_00 (exit status 0; expected)
2020-08-06 14:20:58,915 INFO spawned: 'laravel-worker_00' with pid 342482
2020-08-06 14:20:58,927 INFO exited: laravel-worker_02 (exit status 0; expected)
2020-08-06 14:20:59,929 INFO success: laravel-worker_00 entered RUNNING state, process has stayed up for > than 1 seconds (startsecs)
2020-08-06 14:20:59,930 INFO success: laravel-worker_01 entered RUNNING state, process has stayed up for > than 1 seconds (startsecs)
2020-08-06 14:20:59,932 INFO spawned: 'laravel-worker_02' with pid 342489
2020-08-06 14:20:59,933 INFO success: laravel-worker_03 entered RUNNING state, process has stayed up for > than 1 seconds (startsecs)
2020-08-06 14:21:00,936 INFO success: laravel-worker_02 entered RUNNING state, process has stayed up for > than 1 seconds (startsecs)
2020-08-06 14:21:48,224 INFO exited: laravel-worker_02 (exit status 0; expected)
2020-08-06 14:21:48,297 INFO spawned: 'laravel-worker_02' with pid 342513
2020-08-06 14:21:48,311 INFO exited: laravel-worker_01 (exit status 0; expected)
2020-08-06 14:21:49,314 INFO spawned: 'laravel-worker_01' with pid 342520
2020-08-06 14:21:49,315 INFO success: laravel-worker_02 entered RUNNING state, process has stayed up for > than 1 seconds (startsecs)
2020-08-06 14:21:49,855 INFO exited: laravel-worker_03 (exit status 0; expected)
2020-08-06 14:21:50,210 INFO spawned: 'laravel-worker_03' with pid 342527
2020-08-06 14:21:50,226 INFO exited: laravel-worker_00 (exit status 0; expected)
2020-08-06 14:21:51,229 INFO spawned: 'laravel-worker_00' with pid 342534
2020-08-06 14:21:51,230 INFO success: laravel-worker_01 entered RUNNING state, process has stayed up for > than 1 seconds (startsecs)
2020-08-06 14:21:51,230 INFO success: laravel-worker_03 entered RUNNING state, process has stayed up for > than 1 seconds (startsecs)
2020-08-06 14:21:52,232 INFO success: laravel-worker_00 entered RUNNING state, process has stayed up for > than 1 seconds (startsecs)
2020-08-06 14:22:09,466 INFO exited: laravel-worker_00 (exit status 0; expected)
2020-08-06 14:22:09,541 INFO spawned: 'laravel-worker_00' with pid 342555
2020-08-06 14:22:09,554 INFO exited: laravel-worker_02 (exit status 0; expected)
2020-08-06 14:22:10,556 INFO success: laravel-worker_00 entered RUNNING state, process has stayed up for > than 1 seconds (startsecs)
2020-08-06 14:22:10,559 INFO spawned: 'laravel-worker_02' with pid 342562
2020-08-06 14:22:10,597 INFO exited: laravel-worker_01 (exit status 0; expected)
2020-08-06 14:22:11,464 INFO spawned: 'laravel-worker_01' with pid 342569
2020-08-06 14:22:11,485 INFO exited: laravel-worker_03 (exit status 0; expected)
2020-08-06 14:22:12,487 INFO success: laravel-worker_01 entered RUNNING state, process has stayed up for > than 1 seconds (startsecs)
2020-08-06 14:22:12,487 INFO success: laravel-worker_02 entered RUNNING state, process has stayed up for > than 1 seconds (startsecs)
2020-08-06 14:22:12,489 INFO spawned: 'laravel-worker_03' with pid 342576
2020-08-06 14:22:13,491 INFO success: laravel-worker_03 entered RUNNING state, process has stayed up for > than 1 seconds (startsecs)
2020-08-26 16:10:29,289 WARN received SIGQUIT indicating exit request
2020-08-26 16:10:29,325 INFO waiting for php-fpm, laravel-worker_00, laravel-worker_01, laravel-worker_02, laravel-worker_03 to die
2020-08-26 16:10:31,308 INFO stopped: php-fpm (exit status 0)
2020-08-26 16:10:32,764 INFO stopped: laravel-worker_01 (exit status 0)
2020-08-26 16:10:32,765 INFO waiting for laravel-worker_00, laravel-worker_02, laravel-worker_03 to die
2020-08-26 16:10:32,983 INFO stopped: laravel-worker_02 (exit status 0)
2020-08-26 16:10:33,086 INFO stopped: laravel-worker_03 (exit status 0)
2020-08-26 16:10:33,144 INFO stopped: laravel-worker_00 (exit status 0)
2020-08-26 17:12:41,459 CRIT Supervisor is running as root.  Privileges were not dropped because no user is specified in the config file.  If you intend to run as root, you can set user=root in the config file to avoid this message.
2020-08-26 17:12:41,462 INFO Included extra file "/etc/supervisor/conf.d/laravel-worker.conf" during parsing
2020-08-26 17:12:41,475 INFO supervisord started with pid 1
2020-08-26 17:12:42,479 INFO spawned: 'laravel-worker_00' with pid 9
2020-08-26 17:12:42,481 INFO spawned: 'laravel-worker_01' with pid 10
2020-08-26 17:12:42,484 INFO spawned: 'laravel-worker_02' with pid 11
2020-08-26 17:12:42,486 INFO spawned: 'laravel-worker_03' with pid 12
2020-08-26 17:12:42,493 INFO spawned: 'php-fpm' with pid 13
2020-08-26 17:12:42,498 INFO spawned: 'misc' with pid 14
2020-08-26 17:12:42,590 INFO exited: misc (exit status 0; not expected)
2020-08-26 17:12:43,998 INFO success: laravel-worker_00 entered RUNNING state, process has stayed up for > than 1 seconds (startsecs)
2020-08-26 17:12:43,998 INFO success: laravel-worker_01 entered RUNNING state, process has stayed up for > than 1 seconds (startsecs)
2020-08-26 17:12:43,999 INFO success: laravel-worker_02 entered RUNNING state, process has stayed up for > than 1 seconds (startsecs)
2020-08-26 17:12:43,999 INFO success: laravel-worker_03 entered RUNNING state, process has stayed up for > than 1 seconds (startsecs)
2020-08-26 17:12:43,999 INFO success: php-fpm entered RUNNING state, process has stayed up for > than 1 seconds (startsecs)
2020-08-26 17:12:44,000 INFO spawned: 'misc' with pid 59
2020-08-26 17:12:44,021 INFO reaped unknown pid 32
2020-08-26 17:12:44,050 INFO exited: misc (exit status 0; not expected)
2020-08-26 17:12:46,054 INFO spawned: 'misc' with pid 78
2020-08-26 17:12:46,075 INFO reaped unknown pid 77
2020-08-26 17:12:46,106 INFO exited: misc (exit status 0; not expected)
2020-08-26 17:12:49,111 INFO spawned: 'misc' with pid 97
2020-08-26 17:12:49,131 INFO reaped unknown pid 96
2020-08-26 17:12:49,160 INFO exited: misc (exit status 0; not expected)
2020-08-26 17:12:49,160 INFO gave up: misc entered FATAL state, too many start retries too quickly
2020-09-10 18:53:00,471 CRIT Supervisor is running as root.  Privileges were not dropped because no user is specified in the config file.  If you intend to run as root, you can set user=root in the config file to avoid this message.
2020-09-10 18:53:00,471 INFO Included extra file "/etc/supervisor/conf.d/laravel-worker.conf" during parsing
2020-09-10 18:53:00,474 INFO supervisord started with pid 1
2020-09-10 18:53:01,477 INFO spawned: 'laravel-worker_00' with pid 9
2020-09-10 18:53:01,479 INFO spawned: 'laravel-worker_01' with pid 10
2020-09-10 18:53:01,480 INFO spawned: 'laravel-worker_02' with pid 11
2020-09-10 18:53:01,482 INFO spawned: 'laravel-worker_03' with pid 12
2020-09-10 18:53:01,503 INFO spawned: 'php-fpm' with pid 13
2020-09-10 18:53:01,505 INFO spawned: 'misc' with pid 14
2020-09-10 18:53:01,697 INFO exited: misc (exit status 0; not expected)
2020-09-10 18:53:02,747 INFO success: laravel-worker_00 entered RUNNING state, process has stayed up for > than 1 seconds (startsecs)
2020-09-10 18:53:02,747 INFO success: laravel-worker_01 entered RUNNING state, process has stayed up for > than 1 seconds (startsecs)
2020-09-10 18:53:02,747 INFO success: laravel-worker_02 entered RUNNING state, process has stayed up for > than 1 seconds (startsecs)
2020-09-10 18:53:02,747 INFO success: laravel-worker_03 entered RUNNING state, process has stayed up for > than 1 seconds (startsecs)
2020-09-10 18:53:02,748 INFO success: php-fpm entered RUNNING state, process has stayed up for > than 1 seconds (startsecs)
2020-09-10 18:53:02,749 INFO spawned: 'misc' with pid 58
2020-09-10 18:53:02,767 INFO reaped unknown pid 31
2020-09-10 18:53:02,796 INFO exited: misc (exit status 0; not expected)
2020-09-10 18:53:04,801 INFO spawned: 'misc' with pid 77
2020-09-10 18:53:04,821 INFO reaped unknown pid 76
2020-09-10 18:53:04,852 INFO exited: misc (exit status 0; not expected)
2020-09-10 18:53:07,858 INFO spawned: 'misc' with pid 96
2020-09-10 18:53:07,877 INFO reaped unknown pid 95
2020-09-10 18:53:07,905 INFO exited: misc (exit status 0; not expected)
2020-09-10 18:53:08,907 INFO gave up: misc entered FATAL state, too many start retries too quickly
2020-09-10 18:54:01,969 INFO reaped unknown pid 120
2020-09-10 18:54:49,525 CRIT Supervisor is running as root.  Privileges were not dropped because no user is specified in the config file.  If you intend to run as root, you can set user=root in the config file to avoid this message.
2020-09-10 18:54:49,525 INFO Included extra file "/etc/supervisor/conf.d/laravel-worker.conf" during parsing
2020-09-10 18:54:49,527 INFO supervisord started with pid 1
2020-09-10 18:54:50,530 INFO spawned: 'laravel-worker_00' with pid 9
2020-09-10 18:54:50,532 INFO spawned: 'laravel-worker_01' with pid 10
2020-09-10 18:54:50,534 INFO spawned: 'laravel-worker_02' with pid 11
2020-09-10 18:54:50,537 INFO spawned: 'laravel-worker_03' with pid 12
2020-09-10 18:54:50,539 INFO spawned: 'php-fpm' with pid 13
2020-09-10 18:54:50,540 INFO spawned: 'misc' with pid 14
2020-09-10 18:54:50,730 INFO exited: misc (exit status 0; not expected)
2020-09-10 18:54:51,731 INFO success: laravel-worker_00 entered RUNNING state, process has stayed up for > than 1 seconds (startsecs)
2020-09-10 18:54:51,731 INFO success: laravel-worker_01 entered RUNNING state, process has stayed up for > than 1 seconds (startsecs)
2020-09-10 18:54:51,731 INFO success: laravel-worker_02 entered RUNNING state, process has stayed up for > than 1 seconds (startsecs)
2020-09-10 18:54:51,731 INFO success: laravel-worker_03 entered RUNNING state, process has stayed up for > than 1 seconds (startsecs)
2020-09-10 18:54:51,732 INFO success: php-fpm entered RUNNING state, process has stayed up for > than 1 seconds (startsecs)
2020-09-10 18:54:51,733 INFO spawned: 'misc' with pid 59
2020-09-10 18:54:51,753 INFO reaped unknown pid 35
2020-09-10 18:54:51,782 INFO exited: misc (exit status 0; not expected)
2020-09-10 18:54:53,786 INFO spawned: 'misc' with pid 78
2020-09-10 18:54:53,807 INFO reaped unknown pid 77
2020-09-10 18:54:53,837 INFO exited: misc (exit status 0; not expected)
2020-09-10 18:54:56,842 INFO spawned: 'misc' with pid 97
2020-09-10 18:54:56,862 INFO reaped unknown pid 96
2020-09-10 18:54:56,892 INFO exited: misc (exit status 0; not expected)
2020-09-10 18:54:57,893 INFO gave up: misc entered FATAL state, too many start retries too quickly
2020-09-10 20:01:13,121 CRIT Supervisor is running as root.  Privileges were not dropped because no user is specified in the config file.  If you intend to run as root, you can set user=root in the config file to avoid this message.
2020-09-10 20:01:13,122 INFO Included extra file "/etc/supervisor/conf.d/laravel-worker.conf" during parsing
2020-09-10 20:01:13,125 INFO supervisord started with pid 1
2020-09-10 20:01:14,129 INFO spawned: 'laravel-worker_00' with pid 8
2020-09-10 20:01:14,131 INFO spawned: 'laravel-worker_01' with pid 9
2020-09-10 20:01:14,133 INFO spawned: 'laravel-worker_02' with pid 10
2020-09-10 20:01:14,134 INFO spawned: 'laravel-worker_03' with pid 11
2020-09-10 20:01:14,137 INFO spawned: 'php-fpm' with pid 12
2020-09-10 20:01:14,139 INFO spawned: 'misc' with pid 13
2020-09-10 20:01:14,319 INFO exited: misc (exit status 0; not expected)
2020-09-10 20:01:15,321 INFO success: laravel-worker_00 entered RUNNING state, process has stayed up for > than 1 seconds (startsecs)
2020-09-10 20:01:15,321 INFO success: laravel-worker_01 entered RUNNING state, process has stayed up for > than 1 seconds (startsecs)
2020-09-10 20:01:15,321 INFO success: laravel-worker_02 entered RUNNING state, process has stayed up for > than 1 seconds (startsecs)
2020-09-10 20:01:15,321 INFO success: laravel-worker_03 entered RUNNING state, process has stayed up for > than 1 seconds (startsecs)
2020-09-10 20:01:15,321 INFO success: php-fpm entered RUNNING state, process has stayed up for > than 1 seconds (startsecs)
2020-09-10 20:01:15,323 INFO spawned: 'misc' with pid 57
2020-09-10 20:01:15,342 INFO reaped unknown pid 38
2020-09-10 20:01:15,373 INFO exited: misc (exit status 0; not expected)
2020-09-10 20:01:17,377 INFO spawned: 'misc' with pid 76
2020-09-10 20:01:17,397 INFO reaped unknown pid 75
2020-09-10 20:01:17,425 INFO exited: misc (exit status 0; not expected)
2020-09-10 20:01:20,430 INFO spawned: 'misc' with pid 95
2020-09-10 20:01:20,451 INFO reaped unknown pid 94
2020-09-10 20:01:20,481 INFO exited: misc (exit status 0; not expected)
2020-09-10 20:01:21,483 INFO gave up: misc entered FATAL state, too many start retries too quickly
2020-09-10 20:02:01,543 INFO reaped unknown pid 125
2020-09-10 20:04:50,488 INFO exited: laravel-worker_03 (exit status 0; expected)
2020-09-10 20:04:51,491 INFO spawned: 'laravel-worker_03' with pid 146
2020-09-10 20:04:52,493 INFO success: laravel-worker_03 entered RUNNING state, process has stayed up for > than 1 seconds (startsecs)
2020-09-10 20:05:54,734 INFO exited: laravel-worker_03 (exit status 0; expected)
2020-09-10 20:05:55,737 INFO spawned: 'laravel-worker_03' with pid 172
2020-09-10 20:05:56,739 INFO success: laravel-worker_03 entered RUNNING state, process has stayed up for > than 1 seconds (startsecs)
2020-09-10 20:06:23,536 INFO exited: laravel-worker_00 (exit status 0; expected)
2020-09-10 20:06:24,539 INFO spawned: 'laravel-worker_00' with pid 188
2020-09-10 20:06:25,541 INFO success: laravel-worker_00 entered RUNNING state, process has stayed up for > than 1 seconds (startsecs)
2020-09-10 20:09:20,591 INFO exited: laravel-worker_02 (exit status 0; expected)
2020-09-10 20:09:20,622 INFO spawned: 'laravel-worker_02' with pid 234
2020-09-10 20:09:20,627 INFO exited: laravel-worker_01 (exit status 0; expected)
2020-09-10 20:09:21,499 INFO spawned: 'laravel-worker_01' with pid 241
2020-09-10 20:09:21,508 INFO exited: laravel-worker_00 (exit status 0; expected)
2020-09-10 20:09:22,513 INFO spawned: 'laravel-worker_00' with pid 248
2020-09-10 20:09:22,513 INFO success: laravel-worker_01 entered RUNNING state, process has stayed up for > than 1 seconds (startsecs)
2020-09-10 20:09:22,513 INFO success: laravel-worker_02 entered RUNNING state, process has stayed up for > than 1 seconds (startsecs)
2020-09-10 20:09:23,026 INFO exited: laravel-worker_03 (exit status 0; expected)
2020-09-10 20:09:24,027 INFO success: laravel-worker_00 entered RUNNING state, process has stayed up for > than 1 seconds (startsecs)
2020-09-10 20:09:24,030 INFO spawned: 'laravel-worker_03' with pid 255
2020-09-10 20:09:25,031 INFO success: laravel-worker_03 entered RUNNING state, process has stayed up for > than 1 seconds (startsecs)
2020-09-10 20:10:12,734 INFO exited: laravel-worker_01 (exit status 0; expected)
2020-09-10 20:10:13,738 INFO spawned: 'laravel-worker_01' with pid 286
2020-09-10 20:10:13,769 INFO exited: laravel-worker_00 (exit status 0; expected)
2020-09-10 20:10:13,880 INFO spawned: 'laravel-worker_00' with pid 287
2020-09-10 20:10:13,887 INFO exited: laravel-worker_03 (exit status 0; expected)
2020-09-10 20:10:14,820 INFO success: laravel-worker_01 entered RUNNING state, process has stayed up for > than 1 seconds (startsecs)
2020-09-10 20:10:14,821 INFO spawned: 'laravel-worker_03' with pid 300
2020-09-10 20:10:14,826 INFO exited: laravel-worker_02 (exit status 0; expected)
2020-09-10 20:10:15,828 INFO success: laravel-worker_00 entered RUNNING state, process has stayed up for > than 1 seconds (startsecs)
2020-09-10 20:10:15,830 INFO spawned: 'laravel-worker_02' with pid 307
2020-09-10 20:10:15,830 INFO success: laravel-worker_03 entered RUNNING state, process has stayed up for > than 1 seconds (startsecs)
2020-09-10 20:10:16,832 INFO success: laravel-worker_02 entered RUNNING state, process has stayed up for > than 1 seconds (startsecs)
2020-09-10 20:11:26,817 INFO exited: laravel-worker_01 (exit status 0; expected)
2020-09-10 20:11:27,035 INFO spawned: 'laravel-worker_01' with pid 331
2020-09-10 20:11:27,042 INFO exited: laravel-worker_03 (exit status 0; expected)
2020-09-10 20:11:28,043 INFO success: laravel-worker_01 entered RUNNING state, process has stayed up for > than 1 seconds (startsecs)
2020-09-10 20:11:28,045 INFO spawned: 'laravel-worker_03' with pid 338
2020-09-10 20:11:28,066 INFO exited: laravel-worker_02 (exit status 0; expected)
2020-09-10 20:11:29,069 INFO spawned: 'laravel-worker_02' with pid 345
2020-09-10 20:11:29,069 INFO success: laravel-worker_03 entered RUNNING state, process has stayed up for > than 1 seconds (startsecs)
2020-09-10 20:11:29,099 INFO exited: laravel-worker_00 (exit status 0; expected)
2020-09-10 20:11:30,102 INFO spawned: 'laravel-worker_00' with pid 352
2020-09-10 20:11:30,103 INFO success: laravel-worker_02 entered RUNNING state, process has stayed up for > than 1 seconds (startsecs)
2020-09-10 20:11:31,104 INFO success: laravel-worker_00 entered RUNNING state, process has stayed up for > than 1 seconds (startsecs)
2020-09-10 20:12:03,323 INFO exited: laravel-worker_00 (exit status 0; expected)
2020-09-10 20:12:04,222 INFO spawned: 'laravel-worker_00' with pid 376
2020-09-10 20:12:04,229 INFO exited: laravel-worker_01 (exit status 0; expected)
2020-09-10 20:12:04,236 INFO spawned: 'laravel-worker_01' with pid 377
2020-09-10 20:12:04,241 INFO exited: laravel-worker_03 (exit status 0; expected)
2020-09-10 20:12:05,241 INFO success: laravel-worker_00 entered RUNNING state, process has stayed up for > than 1 seconds (startsecs)
2020-09-10 20:12:05,241 INFO success: laravel-worker_01 entered RUNNING state, process has stayed up for > than 1 seconds (startsecs)
2020-09-10 20:12:05,243 INFO spawned: 'laravel-worker_03' with pid 390
2020-09-10 20:12:05,249 INFO exited: laravel-worker_02 (exit status 0; expected)
2020-09-10 20:12:06,252 INFO spawned: 'laravel-worker_02' with pid 397
2020-09-10 20:12:06,252 INFO success: laravel-worker_03 entered RUNNING state, process has stayed up for > than 1 seconds (startsecs)
2020-09-10 20:12:07,254 INFO success: laravel-worker_02 entered RUNNING state, process has stayed up for > than 1 seconds (startsecs)
2020-09-10 20:17:13,567 INFO exited: laravel-worker_00 (exit status 0; expected)
2020-09-10 20:17:13,567 INFO exited: laravel-worker_01 (exit status 0; expected)
2020-09-10 20:17:13,716 INFO spawned: 'laravel-worker_00' with pid 465
2020-09-10 20:17:13,717 INFO spawned: 'laravel-worker_01' with pid 466
2020-09-10 20:17:13,726 INFO exited: laravel-worker_02 (exit status 0; expected)
2020-09-10 20:17:14,583 INFO spawned: 'laravel-worker_02' with pid 479
2020-09-10 20:17:14,589 INFO exited: laravel-worker_03 (exit status 0; expected)
2020-09-10 20:17:15,590 INFO success: laravel-worker_00 entered RUNNING state, process has stayed up for > than 1 seconds (startsecs)
2020-09-10 20:17:15,590 INFO success: laravel-worker_01 entered RUNNING state, process has stayed up for > than 1 seconds (startsecs)
2020-09-10 20:17:15,590 INFO success: laravel-worker_02 entered RUNNING state, process has stayed up for > than 1 seconds (startsecs)
2020-09-10 20:17:15,592 INFO spawned: 'laravel-worker_03' with pid 486
2020-09-10 20:17:16,594 INFO success: laravel-worker_03 entered RUNNING state, process has stayed up for > than 1 seconds (startsecs)
2020-09-10 20:21:14,888 INFO exited: laravel-worker_02 (exit status 0; expected)
2020-09-10 20:21:15,232 INFO spawned: 'laravel-worker_02' with pid 537
2020-09-10 20:21:15,238 INFO exited: laravel-worker_03 (exit status 0; expected)
2020-09-10 20:21:16,240 INFO success: laravel-worker_02 entered RUNNING state, process has stayed up for > than 1 seconds (startsecs)
2020-09-10 20:21:16,242 INFO spawned: 'laravel-worker_03' with pid 544
2020-09-10 20:21:17,025 INFO exited: laravel-worker_01 (exit status 0; expected)
2020-09-10 20:21:17,052 INFO spawned: 'laravel-worker_01' with pid 551
2020-09-10 20:21:17,058 INFO exited: laravel-worker_00 (exit status 0; expected)
2020-09-10 20:21:18,062 INFO spawned: 'laravel-worker_00' with pid 558
2020-09-10 20:21:18,062 INFO success: laravel-worker_01 entered RUNNING state, process has stayed up for > than 1 seconds (startsecs)
2020-09-10 20:21:18,062 INFO success: laravel-worker_03 entered RUNNING state, process has stayed up for > than 1 seconds (startsecs)
2020-09-10 20:21:19,064 INFO success: laravel-worker_00 entered RUNNING state, process has stayed up for > than 1 seconds (startsecs)
2020-09-15 12:21:01,022 INFO exited: laravel-worker_00 (exit status 255; not expected)
2020-09-15 12:21:02,028 INFO spawned: 'laravel-worker_00' with pid 29580
2020-09-15 12:21:03,029 INFO success: laravel-worker_00 entered RUNNING state, process has stayed up for > than 1 seconds (startsecs)
2020-09-15 23:27:56,932 INFO exited: laravel-worker_02 (exit status 255; not expected)
2020-09-15 23:27:57,938 INFO spawned: 'laravel-worker_02' with pid 3176
2020-09-15 23:27:58,940 INFO success: laravel-worker_02 entered RUNNING state, process has stayed up for > than 1 seconds (startsecs)
2020-09-15 23:29:26,279 INFO exited: laravel-worker_00 (exit status 255; not expected)
2020-09-15 23:29:27,282 INFO spawned: 'laravel-worker_00' with pid 3201
2020-09-15 23:29:28,283 INFO success: laravel-worker_00 entered RUNNING state, process has stayed up for > than 1 seconds (startsecs)
2020-09-16 10:36:31,428 CRIT Supervisor is running as root.  Privileges were not dropped because no user is specified in the config file.  If you intend to run as root, you can set user=root in the config file to avoid this message.
2020-09-16 10:36:31,429 INFO Included extra file "/etc/supervisor/conf.d/laravel-worker.conf" during parsing
2020-09-16 10:36:31,432 INFO supervisord started with pid 1
2020-09-16 10:36:32,435 INFO spawned: 'laravel-worker_00' with pid 9
2020-09-16 10:36:32,437 INFO spawned: 'laravel-worker_01' with pid 10
2020-09-16 10:36:32,438 INFO spawned: 'laravel-worker_02' with pid 11
2020-09-16 10:36:32,440 INFO spawned: 'laravel-worker_03' with pid 12
2020-09-16 10:36:32,442 INFO spawned: 'php-fpm' with pid 13
2020-09-16 10:36:32,444 INFO spawned: 'misc' with pid 14
2020-09-16 10:36:32,496 INFO exited: misc (exit status 0; not expected)
2020-09-16 10:36:33,663 INFO success: laravel-worker_00 entered RUNNING state, process has stayed up for > than 1 seconds (startsecs)
2020-09-16 10:36:33,663 INFO success: laravel-worker_01 entered RUNNING state, process has stayed up for > than 1 seconds (startsecs)
2020-09-16 10:36:33,663 INFO success: laravel-worker_02 entered RUNNING state, process has stayed up for > than 1 seconds (startsecs)
2020-09-16 10:36:33,663 INFO success: laravel-worker_03 entered RUNNING state, process has stayed up for > than 1 seconds (startsecs)
2020-09-16 10:36:33,663 INFO success: php-fpm entered RUNNING state, process has stayed up for > than 1 seconds (startsecs)
2020-09-16 10:36:33,665 INFO spawned: 'misc' with pid 59
2020-09-16 10:36:33,682 INFO reaped unknown pid 32
2020-09-16 10:36:33,713 INFO exited: misc (exit status 0; not expected)
2020-09-16 10:36:35,716 INFO spawned: 'misc' with pid 78
2020-09-16 10:36:35,735 INFO reaped unknown pid 77
2020-09-16 10:36:35,765 INFO exited: misc (exit status 0; not expected)
2020-09-16 10:36:38,770 INFO spawned: 'misc' with pid 97
2020-09-16 10:36:38,791 INFO reaped unknown pid 96
2020-09-16 10:36:38,818 INFO exited: misc (exit status 0; not expected)
2020-09-16 10:36:38,818 INFO gave up: misc entered FATAL state, too many start retries too quickly
2020-09-25 14:39:34,396 WARN received SIGQUIT indicating exit request
2020-09-25 14:39:34,410 INFO waiting for php-fpm, laravel-worker_00, laravel-worker_01, laravel-worker_02, laravel-worker_03 to die
2020-09-25 14:39:35,420 INFO stopped: php-fpm (exit status 0)
2020-09-25 14:39:35,430 INFO stopped: laravel-worker_00 (exit status 0)
2020-09-25 14:39:35,430 INFO stopped: laravel-worker_02 (exit status 0)
2020-09-25 14:39:35,430 INFO stopped: laravel-worker_03 (exit status 0)
2020-09-25 14:39:35,435 INFO stopped: laravel-worker_01 (exit status 0)
2020-09-25 17:39:05,053 CRIT Supervisor is running as root.  Privileges were not dropped because no user is specified in the config file.  If you intend to run as root, you can set user=root in the config file to avoid this message.
2020-09-25 17:39:05,055 INFO Included extra file "/etc/supervisor/conf.d/laravel-worker.conf" during parsing
2020-09-25 17:39:05,059 INFO supervisord started with pid 1
2020-09-25 17:39:06,062 INFO spawned: 'laravel-worker_00' with pid 10
2020-09-25 17:39:06,064 INFO spawned: 'laravel-worker_01' with pid 11
2020-09-25 17:39:06,066 INFO spawned: 'laravel-worker_02' with pid 12
2020-09-25 17:39:06,067 INFO spawned: 'laravel-worker_03' with pid 13
2020-09-25 17:39:06,069 INFO spawned: 'php-fpm' with pid 14
2020-09-25 17:39:06,071 INFO spawned: 'misc' with pid 15
2020-09-25 17:39:06,128 INFO exited: misc (exit status 0; not expected)
2020-09-25 17:39:07,210 INFO success: laravel-worker_00 entered RUNNING state, process has stayed up for > than 1 seconds (startsecs)
2020-09-25 17:39:07,210 INFO success: laravel-worker_01 entered RUNNING state, process has stayed up for > than 1 seconds (startsecs)
2020-09-25 17:39:07,210 INFO success: laravel-worker_02 entered RUNNING state, process has stayed up for > than 1 seconds (startsecs)
2020-09-25 17:39:07,210 INFO success: laravel-worker_03 entered RUNNING state, process has stayed up for > than 1 seconds (startsecs)
2020-09-25 17:39:07,210 INFO success: php-fpm entered RUNNING state, process has stayed up for > than 1 seconds (startsecs)
2020-09-25 17:39:07,211 INFO spawned: 'misc' with pid 60
2020-09-25 17:39:07,231 INFO reaped unknown pid 33
2020-09-25 17:39:07,258 INFO exited: misc (exit status 0; not expected)
2020-09-25 17:39:09,261 INFO spawned: 'misc' with pid 79
2020-09-25 17:39:09,281 INFO reaped unknown pid 78
2020-09-25 17:39:09,318 INFO exited: misc (exit status 0; not expected)
2020-09-25 17:39:12,321 INFO spawned: 'misc' with pid 98
2020-09-25 17:39:12,334 INFO reaped unknown pid 97
2020-09-25 17:39:12,360 INFO exited: misc (exit status 0; not expected)
2020-09-25 17:39:13,361 INFO gave up: misc entered FATAL state, too many start retries too quickly
